<?xml version="1.0" encoding="UTF-8"?>
<!-- Generated by org.testng.reporters.JUnitReportReporter -->
<testsuite hostname="UTIPPANAMBP18.local" failures="0" tests="3" name="com.tests.LoginTest" time="26.634" errors="0" timestamp="30 Apr 2022 09:08:19 GMT">
  <testcase classname="com.tests.LoginTest" name="verifyLogin_UnAuthorizedUser" time="19.824"/>
  <testcase classname="com.tests.LoginTest" name="verifyLogin_AuthorizedUser" time="3.923"/>
  <testcase classname="com.tests.LoginTest" name="verifyLoginPageTitle" time="2.887"/>
</testsuite> <!-- com.tests.LoginTest -->
